build/app/intermediates/manifest_merge_blame_file/debug/manifest-merger-blame-debug-report.txt
1<?xml version="1.0" encoding="utf-8"?>
2<manifest xmlns:android="http://schemas.android.com/apk/res/android"
3    package="com.example.remove_h2o"
4    android:versionCode="1"
5    android:versionName="1.0.0" >
6
7    <uses-sdk
8        android:minSdkVersion="21"
9        android:targetSdkVersion="31" />
10    <!--
11         Flutter needs it to communicate with the running application
12         to allow setting breakpoints, to provide hot reload, etc.
13    -->
14    <uses-permission android:name="android.permission.INTERNET" />
14-->src\main\AndroidManifest.xml:4:5-66
14-->src\main\AndroidManifest.xml:4:22-64
15    <uses-permission android:name="android.permission.ACCESS_NETWORK_STATE" />
15-->src\main\AndroidManifest.xml:3:1-75
15-->src\main\AndroidManifest.xml:3:18-72
16
17    <queries>
17-->src\main\AndroidManifest.xml:5:4-18:11
18
19        <!-- If your app opens https URLs -->
20        <intent>
20-->src\main\AndroidManifest.xml:7:3-10:12
21            <action android:name="android.intent.action.VIEW" />
21-->src\main\AndroidManifest.xml:8:5-57
21-->src\main\AndroidManifest.xml:8:13-54
22
23            <data android:scheme="https" />
23-->src\main\AndroidManifest.xml:9:5-36
23-->src\main\AndroidManifest.xml:9:11-33
24        </intent>
25        <!-- If your app makes calls -->
26        <intent>
26-->src\main\AndroidManifest.xml:12:3-15:12
27            <action android:name="android.intent.action.DIAL" />
27-->src\main\AndroidManifest.xml:13:5-57
27-->src\main\AndroidManifest.xml:13:13-54
28
29            <data android:scheme="tel" />
29-->src\main\AndroidManifest.xml:9:5-36
29-->src\main\AndroidManifest.xml:9:11-33
30        </intent>
31        <!-- If your sends SMS messages -->
32
33    </queries>
34
35    <uses-permission android:name="android.permission.WAKE_LOCK" />
35-->[com.google.android.gms:play-services-measurement-api:20.1.2] AndroidManifest.xml:24:5-68
35-->[com.google.android.gms:play-services-measurement-api:20.1.2] AndroidManifest.xml:24:22-65
36    <uses-permission android:name="com.google.android.gms.permission.AD_ID" />
36-->[com.google.android.gms:play-services-measurement-api:20.1.2] AndroidManifest.xml:25:5-79
36-->[com.google.android.gms:play-services-measurement-api:20.1.2] AndroidManifest.xml:25:22-76
37    <uses-permission android:name="com.google.android.finsky.permission.BIND_GET_INSTALL_REFERRER_SERVICE" />
37-->[com.google.android.gms:play-services-measurement:20.1.2] AndroidManifest.xml:26:5-110
37-->[com.google.android.gms:play-services-measurement:20.1.2] AndroidManifest.xml:26:22-107
38
39    <application
40        android:name="android.app.Application"
41        android:appComponentFactory="androidx.core.app.CoreComponentFactory"
41-->[androidx.core:core:1.7.0] AndroidManifest.xml:24:18-86
42        android:debuggable="true"
43        android:icon="@mipmap/ic_launcher"
44        android:label="remove_h2o"
45        android:supportsRtl="true" >
45-->[com.facebook.android:facebook-login:12.1.0] AndroidManifest.xml:28:18-44
46        <meta-data
47            android:name="com.facebook.sdk.ApplicationId"
48            android:value="@string/facebook_app_id" />
49
50        <activity
51            android:name="com.facebook.FacebookActivity"
52            android:configChanges="keyboard|keyboardHidden|screenLayout|screenSize|orientation"
53            android:label="@string/app_name"
54            android:theme="@style/com_facebook_activity_theme" />
54-->[com.facebook.android:facebook-common:12.1.0] AndroidManifest.xml:33:13-63
55        <activity
56            android:name="com.facebook.CustomTabActivity"
57            android:exported="true" >
58            <intent-filter>
59                <action android:name="android.intent.action.VIEW" />
59-->src\main\AndroidManifest.xml:8:5-57
59-->src\main\AndroidManifest.xml:8:13-54
60
61                <category android:name="android.intent.category.DEFAULT" />
61-->[com.facebook.android:facebook-common:12.1.0] AndroidManifest.xml:42:17-76
61-->[com.facebook.android:facebook-common:12.1.0] AndroidManifest.xml:42:27-73
62                <category android:name="android.intent.category.BROWSABLE" />
62-->[com.facebook.android:facebook-common:12.1.0] AndroidManifest.xml:43:17-78
62-->[com.facebook.android:facebook-common:12.1.0] AndroidManifest.xml:43:27-75
63
64                <data android:scheme="@string/fb_login_protocol_scheme" />
64-->src\main\AndroidManifest.xml:9:5-36
64-->src\main\AndroidManifest.xml:9:11-33
65            </intent-filter>
66            <intent-filter>
66-->[com.facebook.android:facebook-common:12.1.0] AndroidManifest.xml:39:13-48:29
67                <action android:name="android.intent.action.VIEW" />
67-->src\main\AndroidManifest.xml:8:5-57
67-->src\main\AndroidManifest.xml:8:13-54
68
69                <category android:name="android.intent.category.DEFAULT" />
69-->[com.facebook.android:facebook-common:12.1.0] AndroidManifest.xml:42:17-76
69-->[com.facebook.android:facebook-common:12.1.0] AndroidManifest.xml:42:27-73
70                <category android:name="android.intent.category.BROWSABLE" />
70-->[com.facebook.android:facebook-common:12.1.0] AndroidManifest.xml:43:17-78
70-->[com.facebook.android:facebook-common:12.1.0] AndroidManifest.xml:43:27-75
71
72                <data
72-->src\main\AndroidManifest.xml:9:5-36
73                    android:host="cct.com.example.remove_h2o"
74                    android:scheme="fbconnect" />
74-->src\main\AndroidManifest.xml:9:11-33
75            </intent-filter>
76        </activity>
77        <activity
78            android:name="com.example.remove_h2o.MainActivity"
79            android:configChanges="orientation|keyboardHidden|keyboard|screenSize|smallestScreenSize|locale|layoutDirection|fontScale|screenLayout|density|uiMode"
80            android:exported="true"
81            android:hardwareAccelerated="true"
82            android:launchMode="singleTop"
83            android:theme="@style/LaunchTheme"
84            android:windowSoftInputMode="adjustResize" >
85
86            <!--
87                 Specifies an Android theme to apply to this Activity as soon as
88                 the Android process has started. This theme is visible to the user
89                 while the Flutter UI initializes. After that, this theme continues
90                 to determine the Window background behind the Flutter UI.
91            -->
92            <meta-data
93                android:name="io.flutter.embedding.android.NormalTheme"
94                android:resource="@style/NormalTheme" />
95
96            <intent-filter>
97                <action android:name="android.intent.action.MAIN" />
98
99                <category android:name="android.intent.category.LAUNCHER" />
100            </intent-filter>
101        </activity>
102        <!--
103             Don't delete the meta-data below.
104             This is used by the Flutter tool to generate GeneratedPluginRegistrant.java
105        -->
106        <meta-data
107            android:name="flutterEmbedding"
108            android:value="2" />
109
110        <service
110-->[:cloud_firestore] AndroidManifest.xml:8:9-12:19
111            android:name="com.google.firebase.components.ComponentDiscoveryService"
111-->[:cloud_firestore] AndroidManifest.xml:8:18-89
112            android:directBootAware="true"
112-->[com.google.firebase:firebase-common:20.1.0] AndroidManifest.xml:35:13-43
113            android:exported="false" >
113-->[com.google.firebase:firebase-auth:21.0.3] AndroidManifest.xml:66:13-37
114            <meta-data
114-->[:cloud_firestore] AndroidManifest.xml:9:13-11:85
115                android:name="com.google.firebase.components:io.flutter.plugins.firebase.firestore.FlutterFirebaseFirestoreRegistrar"
115-->[:cloud_firestore] AndroidManifest.xml:10:17-134
116                android:value="com.google.firebase.components.ComponentRegistrar" />
116-->[:cloud_firestore] AndroidManifest.xml:11:17-82
117            <meta-data
117-->[:firebase_auth] AndroidManifest.xml:9:13-11:85
118                android:name="com.google.firebase.components:io.flutter.plugins.firebase.auth.FlutterFirebaseAuthRegistrar"
118-->[:firebase_auth] AndroidManifest.xml:10:17-124
119                android:value="com.google.firebase.components.ComponentRegistrar" />
119-->[:firebase_auth] AndroidManifest.xml:11:17-82
120            <meta-data
120-->[:firebase_storage] AndroidManifest.xml:9:13-11:85
121                android:name="com.google.firebase.components:io.flutter.plugins.firebase.storage.FlutterFirebaseAppRegistrar"
121-->[:firebase_storage] AndroidManifest.xml:10:17-126
122                android:value="com.google.firebase.components.ComponentRegistrar" />
122-->[:firebase_storage] AndroidManifest.xml:11:17-82
123            <meta-data
123-->[:firebase_core] AndroidManifest.xml:9:13-11:85
124                android:name="com.google.firebase.components:io.flutter.plugins.firebase.core.FlutterFirebaseCoreRegistrar"
124-->[:firebase_core] AndroidManifest.xml:10:17-124
125                android:value="com.google.firebase.components.ComponentRegistrar" />
125-->[:firebase_core] AndroidManifest.xml:11:17-82
126            <meta-data
126-->[com.google.firebase:firebase-auth:21.0.3] AndroidManifest.xml:67:13-69:85
127                android:name="com.google.firebase.components:com.google.firebase.auth.FirebaseAuthRegistrar"
127-->[com.google.firebase:firebase-auth:21.0.3] AndroidManifest.xml:68:17-109
128                android:value="com.google.firebase.components.ComponentRegistrar" />
128-->[com.google.firebase:firebase-auth:21.0.3] AndroidManifest.xml:69:17-82
129            <meta-data
129-->[com.google.firebase:firebase-firestore:24.1.1] AndroidManifest.xml:20:13-22:85
130                android:name="com.google.firebase.components:com.google.firebase.firestore.FirestoreRegistrar"
130-->[com.google.firebase:firebase-firestore:24.1.1] AndroidManifest.xml:21:17-111
131                android:value="com.google.firebase.components.ComponentRegistrar" />
131-->[com.google.firebase:firebase-firestore:24.1.1] AndroidManifest.xml:22:17-82
132            <meta-data
132-->[com.google.firebase:firebase-storage:20.0.1] AndroidManifest.xml:33:13-35:85
133                android:name="com.google.firebase.components:com.google.firebase.storage.StorageRegistrar"
133-->[com.google.firebase:firebase-storage:20.0.1] AndroidManifest.xml:34:17-107
134                android:value="com.google.firebase.components.ComponentRegistrar" />
134-->[com.google.firebase:firebase-storage:20.0.1] AndroidManifest.xml:35:17-82
135            <meta-data
135-->[com.google.android.gms:play-services-measurement-api:20.1.2] AndroidManifest.xml:31:13-33:85
136                android:name="com.google.firebase.components:com.google.firebase.analytics.connector.internal.AnalyticsConnectorRegistrar"
136-->[com.google.android.gms:play-services-measurement-api:20.1.2] AndroidManifest.xml:32:17-139
137                android:value="com.google.firebase.components.ComponentRegistrar" />
137-->[com.google.android.gms:play-services-measurement-api:20.1.2] AndroidManifest.xml:33:17-82
138            <meta-data
138-->[com.google.firebase:firebase-installations:17.0.1] AndroidManifest.xml:18:13-20:85
139                android:name="com.google.firebase.components:com.google.firebase.installations.FirebaseInstallationsRegistrar"
139-->[com.google.firebase:firebase-installations:17.0.1] AndroidManifest.xml:19:17-127
140                android:value="com.google.firebase.components.ComponentRegistrar" />
140-->[com.google.firebase:firebase-installations:17.0.1] AndroidManifest.xml:20:17-82
141        </service>
142
143        <provider
143-->[:image_picker_android] AndroidManifest.xml:8:9-16:20
144            android:name="io.flutter.plugins.imagepicker.ImagePickerFileProvider"
144-->[:image_picker_android] AndroidManifest.xml:9:13-82
145            android:authorities="com.example.remove_h2o.flutter.image_provider"
145-->[:image_picker_android] AndroidManifest.xml:10:13-74
146            android:exported="false"
146-->[:image_picker_android] AndroidManifest.xml:11:13-37
147            android:grantUriPermissions="true" >
147-->[:image_picker_android] AndroidManifest.xml:12:13-47
148            <meta-data
148-->[:image_picker_android] AndroidManifest.xml:13:13-15:75
149                android:name="android.support.FILE_PROVIDER_PATHS"
149-->[:image_picker_android] AndroidManifest.xml:14:17-67
150                android:resource="@xml/flutter_image_picker_file_paths" />
150-->[:image_picker_android] AndroidManifest.xml:15:17-72
151        </provider>
152
153        <activity
153-->[:url_launcher_android] AndroidManifest.xml:8:9-11:74
154            android:name="io.flutter.plugins.urllauncher.WebViewActivity"
154-->[:url_launcher_android] AndroidManifest.xml:9:13-74
155            android:exported="false"
155-->[:url_launcher_android] AndroidManifest.xml:10:13-37
156            android:theme="@android:style/Theme.NoTitleBar.Fullscreen" />
156-->[:url_launcher_android] AndroidManifest.xml:11:13-71
157
158        <provider
158-->[:share_plus] AndroidManifest.xml:8:9-16:20
159            android:name="dev.fluttercommunity.plus.share.ShareFileProvider"
159-->[:share_plus] AndroidManifest.xml:9:13-77
160            android:authorities="com.example.remove_h2o.flutter.share_provider"
160-->[:share_plus] AndroidManifest.xml:10:13-74
161            android:exported="false"
161-->[:share_plus] AndroidManifest.xml:11:13-37
162            android:grantUriPermissions="true" >
162-->[:share_plus] AndroidManifest.xml:12:13-47
163            <meta-data
163-->[:image_picker_android] AndroidManifest.xml:13:13-15:75
164                android:name="android.support.FILE_PROVIDER_PATHS"
164-->[:image_picker_android] AndroidManifest.xml:14:17-67
165                android:resource="@xml/flutter_share_file_paths" />
165-->[:image_picker_android] AndroidManifest.xml:15:17-72
166        </provider>
167        <provider
167-->[:share] AndroidManifest.xml:8:9-16:20
168            android:name="io.flutter.plugins.share.ShareFileProvider"
168-->[:share] AndroidManifest.xml:9:13-70
169            android:authorities="com.example.remove_h2o.flutter.share_provider"
169-->[:share] AndroidManifest.xml:10:13-74
170            android:exported="false"
170-->[:share] AndroidManifest.xml:11:13-37
171            android:grantUriPermissions="true" >
171-->[:share] AndroidManifest.xml:12:13-47
172            <meta-data
172-->[:image_picker_android] AndroidManifest.xml:13:13-15:75
173                android:name="android.support.FILE_PROVIDER_PATHS"
173-->[:image_picker_android] AndroidManifest.xml:14:17-67
174                android:resource="@xml/flutter_share_file_paths" />
174-->[:image_picker_android] AndroidManifest.xml:15:17-72
175        </provider>
176
177        <activity android:name="com.facebook.CustomTabMainActivity" />
177-->[com.facebook.android:facebook-common:12.1.0] AndroidManifest.xml:34:9-71
177-->[com.facebook.android:facebook-common:12.1.0] AndroidManifest.xml:34:19-68
178        <!--
179         The initialization ContentProvider will call FacebookSdk.sdkInitialize automatically
180         with the application context. This config is merged in with the host app's manifest,
181         but there can only be one provider with the same authority activated at any given
182         point; so if the end user has two or more different apps that use Facebook SDK, only the
183         first one will be able to use the provider. To work around this problem, we use the
184         following placeholder in the authority to identify each host application as if it was
185         a completely different provider.
186        -->
187        <provider
187-->[com.facebook.android:facebook-core:12.1.0] AndroidManifest.xml:39:9-42:40
188            android:name="com.facebook.internal.FacebookInitProvider"
188-->[com.facebook.android:facebook-core:12.1.0] AndroidManifest.xml:40:13-70
189            android:authorities="com.example.remove_h2o.FacebookInitProvider"
189-->[com.facebook.android:facebook-core:12.1.0] AndroidManifest.xml:41:13-72
190            android:exported="false" />
190-->[com.facebook.android:facebook-core:12.1.0] AndroidManifest.xml:42:13-37
191
192        <receiver
192-->[com.facebook.android:facebook-core:12.1.0] AndroidManifest.xml:44:9-50:20
193            android:name="com.facebook.CurrentAccessTokenExpirationBroadcastReceiver"
193-->[com.facebook.android:facebook-core:12.1.0] AndroidManifest.xml:45:13-86
194            android:exported="false" >
194-->[com.facebook.android:facebook-core:12.1.0] AndroidManifest.xml:46:13-37
195            <intent-filter>
195-->[com.facebook.android:facebook-core:12.1.0] AndroidManifest.xml:47:13-49:29
196                <action android:name="com.facebook.sdk.ACTION_CURRENT_ACCESS_TOKEN_CHANGED" />
196-->[com.facebook.android:facebook-core:12.1.0] AndroidManifest.xml:48:17-95
196-->[com.facebook.android:facebook-core:12.1.0] AndroidManifest.xml:48:25-92
197            </intent-filter>
198        </receiver>
199        <receiver
199-->[com.facebook.android:facebook-core:12.1.0] AndroidManifest.xml:51:9-57:20
200            android:name="com.facebook.AuthenticationTokenManager$CurrentAuthenticationTokenChangedBroadcastReceiver"
200-->[com.facebook.android:facebook-core:12.1.0] AndroidManifest.xml:52:13-118
201            android:exported="false" >
201-->[com.facebook.android:facebook-core:12.1.0] AndroidManifest.xml:53:13-37
202            <intent-filter>
202-->[com.facebook.android:facebook-core:12.1.0] AndroidManifest.xml:54:13-56:29
203                <action android:name="com.facebook.sdk.ACTION_CURRENT_AUTHENTICATION_TOKEN_CHANGED" />
203-->[com.facebook.android:facebook-core:12.1.0] AndroidManifest.xml:55:17-103
203-->[com.facebook.android:facebook-core:12.1.0] AndroidManifest.xml:55:25-100
204            </intent-filter>
205        </receiver>
206
207        <uses-library
207-->[androidx.window:window:1.0.0-beta04] AndroidManifest.xml:25:9-27:40
208            android:name="androidx.window.extensions"
208-->[androidx.window:window:1.0.0-beta04] AndroidManifest.xml:26:13-54
209            android:required="false" />
209-->[androidx.window:window:1.0.0-beta04] AndroidManifest.xml:27:13-37
210        <uses-library
210-->[androidx.window:window:1.0.0-beta04] AndroidManifest.xml:28:9-30:40
211            android:name="androidx.window.sidecar"
211-->[androidx.window:window:1.0.0-beta04] AndroidManifest.xml:29:13-51
212            android:required="false" />
212-->[androidx.window:window:1.0.0-beta04] AndroidManifest.xml:30:13-37
213
214        <activity
214-->[com.google.firebase:firebase-auth:21.0.3] AndroidManifest.xml:27:9-44:20
215            android:name="com.google.firebase.auth.internal.GenericIdpActivity"
215-->[com.google.firebase:firebase-auth:21.0.3] AndroidManifest.xml:28:13-80
216            android:excludeFromRecents="true"
216-->[com.google.firebase:firebase-auth:21.0.3] AndroidManifest.xml:29:13-46
217            android:exported="true"
217-->[com.google.firebase:firebase-auth:21.0.3] AndroidManifest.xml:30:13-36
218            android:launchMode="singleTask"
218-->[com.google.firebase:firebase-auth:21.0.3] AndroidManifest.xml:31:13-44
219            android:theme="@android:style/Theme.Translucent.NoTitleBar" >
219-->[com.google.firebase:firebase-auth:21.0.3] AndroidManifest.xml:32:13-72
220            <intent-filter>
220-->[com.google.firebase:firebase-auth:21.0.3] AndroidManifest.xml:33:13-43:29
221                <action android:name="android.intent.action.VIEW" />
221-->src\main\AndroidManifest.xml:8:5-57
221-->src\main\AndroidManifest.xml:8:13-54
222
223                <category android:name="android.intent.category.DEFAULT" />
223-->[com.facebook.android:facebook-common:12.1.0] AndroidManifest.xml:42:17-76
223-->[com.facebook.android:facebook-common:12.1.0] AndroidManifest.xml:42:27-73
224                <category android:name="android.intent.category.BROWSABLE" />
224-->[com.facebook.android:facebook-common:12.1.0] AndroidManifest.xml:43:17-78
224-->[com.facebook.android:facebook-common:12.1.0] AndroidManifest.xml:43:27-75
225
226                <data
226-->src\main\AndroidManifest.xml:9:5-36
227                    android:host="firebase.auth"
228                    android:path="/"
229                    android:scheme="genericidp" />
229-->src\main\AndroidManifest.xml:9:11-33
230            </intent-filter>
231        </activity>
232        <activity
232-->[com.google.firebase:firebase-auth:21.0.3] AndroidManifest.xml:45:9-62:20
233            android:name="com.google.firebase.auth.internal.RecaptchaActivity"
233-->[com.google.firebase:firebase-auth:21.0.3] AndroidManifest.xml:46:13-79
234            android:excludeFromRecents="true"
234-->[com.google.firebase:firebase-auth:21.0.3] AndroidManifest.xml:47:13-46
235            android:exported="true"
235-->[com.google.firebase:firebase-auth:21.0.3] AndroidManifest.xml:48:13-36
236            android:launchMode="singleTask"
236-->[com.google.firebase:firebase-auth:21.0.3] AndroidManifest.xml:49:13-44
237            android:theme="@android:style/Theme.Translucent.NoTitleBar" >
237-->[com.google.firebase:firebase-auth:21.0.3] AndroidManifest.xml:50:13-72
238            <intent-filter>
238-->[com.google.firebase:firebase-auth:21.0.3] AndroidManifest.xml:51:13-61:29
239                <action android:name="android.intent.action.VIEW" />
239-->src\main\AndroidManifest.xml:8:5-57
239-->src\main\AndroidManifest.xml:8:13-54
240
241                <category android:name="android.intent.category.DEFAULT" />
241-->[com.facebook.android:facebook-common:12.1.0] AndroidManifest.xml:42:17-76
241-->[com.facebook.android:facebook-common:12.1.0] AndroidManifest.xml:42:27-73
242                <category android:name="android.intent.category.BROWSABLE" />
242-->[com.facebook.android:facebook-common:12.1.0] AndroidManifest.xml:43:17-78
242-->[com.facebook.android:facebook-common:12.1.0] AndroidManifest.xml:43:27-75
243
244                <data
244-->src\main\AndroidManifest.xml:9:5-36
245                    android:host="firebase.auth"
246                    android:path="/"
247                    android:scheme="recaptcha" />
247-->src\main\AndroidManifest.xml:9:11-33
248            </intent-filter>
249        </activity>
250
251        <provider
251-->[com.google.firebase:firebase-common:20.1.0] AndroidManifest.xml:26:9-31:39
252            android:name="com.google.firebase.provider.FirebaseInitProvider"
252-->[com.google.firebase:firebase-common:20.1.0] AndroidManifest.xml:27:13-77
253            android:authorities="com.example.remove_h2o.firebaseinitprovider"
253-->[com.google.firebase:firebase-common:20.1.0] AndroidManifest.xml:28:13-72
254            android:directBootAware="true"
254-->[com.google.firebase:firebase-common:20.1.0] AndroidManifest.xml:29:13-43
255            android:exported="false"
255-->[com.google.firebase:firebase-common:20.1.0] AndroidManifest.xml:30:13-37
256            android:initOrder="100" />
256-->[com.google.firebase:firebase-common:20.1.0] AndroidManifest.xml:31:13-36
257
258        <activity
258-->[com.google.android.gms:play-services-auth:20.0.1] AndroidManifest.xml:23:9-27:75
259            android:name="com.google.android.gms.auth.api.signin.internal.SignInHubActivity"
259-->[com.google.android.gms:play-services-auth:20.0.1] AndroidManifest.xml:24:13-93
260            android:excludeFromRecents="true"
260-->[com.google.android.gms:play-services-auth:20.0.1] AndroidManifest.xml:25:13-46
261            android:exported="false"
261-->[com.google.android.gms:play-services-auth:20.0.1] AndroidManifest.xml:26:13-37
262            android:theme="@android:style/Theme.Translucent.NoTitleBar" />
262-->[com.google.android.gms:play-services-auth:20.0.1] AndroidManifest.xml:27:13-72
263        <!--
264            Service handling Google Sign-In user revocation. For apps that do not integrate with
265            Google Sign-In, this service will never be started.
266        -->
267        <service
267-->[com.google.android.gms:play-services-auth:20.0.1] AndroidManifest.xml:33:9-37:51
268            android:name="com.google.android.gms.auth.api.signin.RevocationBoundService"
268-->[com.google.android.gms:play-services-auth:20.0.1] AndroidManifest.xml:34:13-89
269            android:exported="true"
269-->[com.google.android.gms:play-services-auth:20.0.1] AndroidManifest.xml:35:13-36
270            android:permission="com.google.android.gms.auth.api.signin.permission.REVOCATION_NOTIFICATION"
270-->[com.google.android.gms:play-services-auth:20.0.1] AndroidManifest.xml:36:13-107
271            android:visibleToInstantApps="true" />
271-->[com.google.android.gms:play-services-auth:20.0.1] AndroidManifest.xml:37:13-48
272
273        <receiver
273-->[com.google.android.gms:play-services-measurement:20.1.2] AndroidManifest.xml:29:9-33:20
274            android:name="com.google.android.gms.measurement.AppMeasurementReceiver"
274-->[com.google.android.gms:play-services-measurement:20.1.2] AndroidManifest.xml:30:13-85
275            android:enabled="true"
275-->[com.google.android.gms:play-services-measurement:20.1.2] AndroidManifest.xml:31:13-35
276            android:exported="false" >
276-->[com.google.android.gms:play-services-measurement:20.1.2] AndroidManifest.xml:32:13-37
277        </receiver>
278
279        <service
279-->[com.google.android.gms:play-services-measurement:20.1.2] AndroidManifest.xml:35:9-38:40
280            android:name="com.google.android.gms.measurement.AppMeasurementService"
280-->[com.google.android.gms:play-services-measurement:20.1.2] AndroidManifest.xml:36:13-84
281            android:enabled="true"
281-->[com.google.android.gms:play-services-measurement:20.1.2] AndroidManifest.xml:37:13-35
282            android:exported="false" />
282-->[com.google.android.gms:play-services-measurement:20.1.2] AndroidManifest.xml:38:13-37
283        <service
283-->[com.google.android.gms:play-services-measurement:20.1.2] AndroidManifest.xml:39:9-43:72
284            android:name="com.google.android.gms.measurement.AppMeasurementJobService"
284-->[com.google.android.gms:play-services-measurement:20.1.2] AndroidManifest.xml:40:13-87
285            android:enabled="true"
285-->[com.google.android.gms:play-services-measurement:20.1.2] AndroidManifest.xml:41:13-35
286            android:exported="false"
286-->[com.google.android.gms:play-services-measurement:20.1.2] AndroidManifest.xml:42:13-37
287            android:permission="android.permission.BIND_JOB_SERVICE" />
287-->[com.google.android.gms:play-services-measurement:20.1.2] AndroidManifest.xml:43:13-69
288
289        <activity
289-->[com.google.android.gms:play-services-base:18.0.1] AndroidManifest.xml:20:9-22:45
290            android:name="com.google.android.gms.common.api.GoogleApiActivity"
290-->[com.google.android.gms:play-services-base:18.0.1] AndroidManifest.xml:20:19-85
291            android:exported="false"
291-->[com.google.android.gms:play-services-base:18.0.1] AndroidManifest.xml:22:19-43
292            android:theme="@android:style/Theme.Translucent.NoTitleBar" />
292-->[com.google.android.gms:play-services-base:18.0.1] AndroidManifest.xml:21:19-78
293
294        <meta-data
294-->[com.google.android.gms:play-services-basement:18.0.0] AndroidManifest.xml:21:9-23:69
295            android:name="com.google.android.gms.version"
295-->[com.google.android.gms:play-services-basement:18.0.0] AndroidManifest.xml:22:13-58
296            android:value="@integer/google_play_services_version" />
296-->[com.google.android.gms:play-services-basement:18.0.0] AndroidManifest.xml:23:13-66
297    </application>
298
299</manifest>